{"/Users/israelcastanedaluna/Desktop/react-typescript/cashTrackr/backend/src/config/configNodemailer.ts": {"path":"/Users/israelcastanedaluna/Desktop/react-typescript/cashTrackr/backend/src/config/configNodemailer.ts","statementMap":{"0":{"start":{"line":2,"column":0},"end":{"line":2,"column":35}},"1":{"start":{"line":3,"column":0},"end":{"line":3,"column":27}},"2":{"start":{"line":5,"column":0},"end":{"line":5,"column":null}},"3":{"start":{"line":6,"column":15},"end":{"line":15,"column":1}},"4":{"start":{"line":7,"column":4},"end":{"line":14,"column":null}},"5":{"start":{"line":16,"column":13},"end":{"line":16,"column":null}}},"fnMap":{"0":{"name":"(anonymous_1)","decl":{"start":{"line":6,"column":15},"end":{"line":6,"column":17}},"loc":{"start":{"line":6,"column":19},"end":{"line":15,"column":1}}}},"branchMap":{},"s":{"0":1,"1":1,"2":1,"3":1,"4":1,"5":1},"f":{"0":1},"b":{}}
,"/Users/israelcastanedaluna/Desktop/react-typescript/cashTrackr/backend/src/controllers/AuthController.ts": {"path":"/Users/israelcastanedaluna/Desktop/react-typescript/cashTrackr/backend/src/controllers/AuthController.ts","statementMap":{"0":{"start":{"line":2,"column":0},"end":{"line":2,"column":34}},"1":{"start":{"line":3,"column":0},"end":{"line":3,"column":61}},"2":{"start":{"line":4,"column":0},"end":{"line":4,"column":48}},"3":{"start":{"line":5,"column":0},"end":{"line":5,"column":48}},"4":{"start":{"line":6,"column":0},"end":{"line":6,"column":44}},"5":{"start":{"line":8,"column":25},"end":{"line":29,"column":3}},"6":{"start":{"line":9,"column":38},"end":{"line":9,"column":46}},"7":{"start":{"line":11,"column":4},"end":{"line":28,"column":5}},"8":{"start":{"line":12,"column":24},"end":{"line":12,"column":64}},"9":{"start":{"line":13,"column":6},"end":{"line":17,"column":7}},"10":{"start":{"line":14,"column":22},"end":{"line":14,"column":70}},"11":{"start":{"line":15,"column":8},"end":{"line":15,"column":55}},"12":{"start":{"line":16,"column":8},"end":{"line":16,"column":15}},"13":{"start":{"line":19,"column":19},"end":{"line":19,"column":46}},"14":{"start":{"line":20,"column":6},"end":{"line":20,"column":51}},"15":{"start":{"line":21,"column":6},"end":{"line":21,"column":35}},"16":{"start":{"line":22,"column":6},"end":{"line":22,"column":80}},"17":{"start":{"line":23,"column":6},"end":{"line":23,"column":24}},"18":{"start":{"line":24,"column":6},"end":{"line":24,"column":55}},"19":{"start":{"line":27,"column":6},"end":{"line":27,"column":56}},"20":{"start":{"line":31,"column":26},"end":{"line":54,"column":3}},"21":{"start":{"line":33,"column":4},"end":{"line":53,"column":5}},"22":{"start":{"line":44,"column":25},"end":{"line":44,"column":28}},"23":{"start":{"line":46,"column":5},"end":{"line":46,"column":32}},"24":{"start":{"line":47,"column":5},"end":{"line":47,"column":28}},"25":{"start":{"line":48,"column":6},"end":{"line":48,"column":29}},"26":{"start":{"line":49,"column":6},"end":{"line":49,"column":47}},"27":{"start":{"line":52,"column":6},"end":{"line":52,"column":56}},"28":{"start":{"line":55,"column":17},"end":{"line":90,"column":3}},"29":{"start":{"line":56,"column":24},"end":{"line":56,"column":32}},"30":{"start":{"line":57,"column":22},"end":{"line":57,"column":25}},"31":{"start":{"line":59,"column":4},"end":{"line":89,"column":5}},"32":{"start":{"line":68,"column":6},"end":{"line":72,"column":7}},"33":{"start":{"line":69,"column":22},"end":{"line":69,"column":68}},"34":{"start":{"line":70,"column":8},"end":{"line":70,"column":55}},"35":{"start":{"line":71,"column":8},"end":{"line":71,"column":15}},"36":{"start":{"line":74,"column":32},"end":{"line":76,"column":null}},"37":{"start":{"line":78,"column":6},"end":{"line":82,"column":7}},"38":{"start":{"line":79,"column":22},"end":{"line":79,"column":53}},"39":{"start":{"line":80,"column":8},"end":{"line":80,"column":55}},"40":{"start":{"line":81,"column":8},"end":{"line":81,"column":15}},"41":{"start":{"line":84,"column":18},"end":{"line":84,"column":43}},"42":{"start":{"line":85,"column":6},"end":{"line":85,"column":20}},"43":{"start":{"line":87,"column":6},"end":{"line":87,"column":25}},"44":{"start":{"line":88,"column":6},"end":{"line":88,"column":56}},"45":{"start":{"line":92,"column":26},"end":{"line":115,"column":3}},"46":{"start":{"line":93,"column":22},"end":{"line":93,"column":30}},"47":{"start":{"line":94,"column":26},"end":{"line":94,"column":29}},"48":{"start":{"line":95,"column":4},"end":{"line":114,"column":5}},"49":{"start":{"line":103,"column":6},"end":{"line":103,"column":40}},"50":{"start":{"line":104,"column":6},"end":{"line":104,"column":29}},"51":{"start":{"line":105,"column":6},"end":{"line":109,"column":9}},"52":{"start":{"line":110,"column":6},"end":{"line":110,"column":59}},"53":{"start":{"line":112,"column":7},"end":{"line":112,"column":26}},"54":{"start":{"line":113,"column":6},"end":{"line":113,"column":56}},"55":{"start":{"line":117,"column":23},"end":{"line":133,"column":3}},"56":{"start":{"line":120,"column":4},"end":{"line":132,"column":5}},"57":{"start":{"line":128,"column":6},"end":{"line":128,"column":32}},"58":{"start":{"line":131,"column":6},"end":{"line":131,"column":56}},"59":{"start":{"line":135,"column":37},"end":{"line":157,"column":3}},"60":{"start":{"line":136,"column":22},"end":{"line":136,"column":32}},"61":{"start":{"line":138,"column":25},"end":{"line":138,"column":33}},"62":{"start":{"line":140,"column":4},"end":{"line":156,"column":5}},"63":{"start":{"line":141,"column":33},"end":{"line":141,"column":80}},"64":{"start":{"line":142,"column":6},"end":{"line":146,"column":7}},"65":{"start":{"line":143,"column":22},"end":{"line":143,"column":50}},"66":{"start":{"line":144,"column":8},"end":{"line":144,"column":55}},"67":{"start":{"line":145,"column":8},"end":{"line":145,"column":15}},"68":{"start":{"line":148,"column":6},"end":{"line":148,"column":65}},"69":{"start":{"line":149,"column":6},"end":{"line":149,"column":38}},"70":{"start":{"line":150,"column":6},"end":{"line":150,"column":38}},"71":{"start":{"line":152,"column":6},"end":{"line":152,"column":48}},"72":{"start":{"line":155,"column":6},"end":{"line":155,"column":56}},"73":{"start":{"line":159,"column":19},"end":{"line":162,"column":3}},"74":{"start":{"line":160,"column":25},"end":{"line":160,"column":28}},"75":{"start":{"line":161,"column":6},"end":{"line":161,"column":null}},"76":{"start":{"line":164,"column":26},"end":{"line":188,"column":3}},"77":{"start":{"line":165,"column":47},"end":{"line":165,"column":55}},"78":{"start":{"line":166,"column":19},"end":{"line":166,"column":32}},"79":{"start":{"line":168,"column":4},"end":{"line":187,"column":5}},"80":{"start":{"line":169,"column":19},"end":{"line":169,"column":42}},"81":{"start":{"line":170,"column":32},"end":{"line":172,"column":null}},"82":{"start":{"line":175,"column":6},"end":{"line":179,"column":7}},"83":{"start":{"line":176,"column":22},"end":{"line":176,"column":61}},"84":{"start":{"line":177,"column":8},"end":{"line":177,"column":55}},"85":{"start":{"line":178,"column":8},"end":{"line":178,"column":15}},"86":{"start":{"line":180,"column":6},"end":{"line":180,"column":55}},"87":{"start":{"line":181,"column":6},"end":{"line":181,"column":24}},"88":{"start":{"line":183,"column":6},"end":{"line":183,"column":48}},"89":{"start":{"line":186,"column":6},"end":{"line":186,"column":56}},"90":{"start":{"line":190,"column":25},"end":{"line":211,"column":3}},"91":{"start":{"line":192,"column":31},"end":{"line":192,"column":39}},"92":{"start":{"line":193,"column":17},"end":{"line":193,"column":30}},"93":{"start":{"line":195,"column":4},"end":{"line":209,"column":5}},"94":{"start":{"line":196,"column":19},"end":{"line":196,"column":42}},"95":{"start":{"line":197,"column":31},"end":{"line":197,"column":82}},"96":{"start":{"line":199,"column":6},"end":{"line":204,"column":7}},"97":{"start":{"line":201,"column":22},"end":{"line":201,"column":61}},"98":{"start":{"line":202,"column":8},"end":{"line":202,"column":55}},"99":{"start":{"line":203,"column":8},"end":{"line":203,"column":15}},"100":{"start":{"line":205,"column":6},"end":{"line":205,"column":null}},"101":{"start":{"line":208,"column":7},"end":{"line":208,"column":57}},"102":{"start":{"line":7,"column":0},"end":{"line":7,"column":13}}},"fnMap":{"0":{"name":"(anonymous_1)","decl":{"start":{"line":8,"column":25},"end":{"line":8,"column":30}},"loc":{"start":{"line":8,"column":63},"end":{"line":29,"column":3}}},"1":{"name":"(anonymous_2)","decl":{"start":{"line":31,"column":26},"end":{"line":31,"column":31}},"loc":{"start":{"line":31,"column":64},"end":{"line":54,"column":3}}},"2":{"name":"(anonymous_3)","decl":{"start":{"line":55,"column":17},"end":{"line":55,"column":22}},"loc":{"start":{"line":55,"column":55},"end":{"line":90,"column":3}}},"3":{"name":"(anonymous_4)","decl":{"start":{"line":92,"column":26},"end":{"line":92,"column":31}},"loc":{"start":{"line":92,"column":64},"end":{"line":115,"column":3}}},"4":{"name":"(anonymous_5)","decl":{"start":{"line":117,"column":23},"end":{"line":117,"column":24}},"loc":{"start":{"line":117,"column":55},"end":{"line":133,"column":3}}},"5":{"name":"(anonymous_6)","decl":{"start":{"line":135,"column":37},"end":{"line":135,"column":42}},"loc":{"start":{"line":135,"column":75},"end":{"line":157,"column":3}}},"6":{"name":"(anonymous_7)","decl":{"start":{"line":159,"column":19},"end":{"line":159,"column":24}},"loc":{"start":{"line":159,"column":57},"end":{"line":162,"column":3}}},"7":{"name":"(anonymous_8)","decl":{"start":{"line":164,"column":26},"end":{"line":164,"column":31}},"loc":{"start":{"line":164,"column":62},"end":{"line":188,"column":3}}},"8":{"name":"(anonymous_9)","decl":{"start":{"line":190,"column":25},"end":{"line":190,"column":30}},"loc":{"start":{"line":190,"column":61},"end":{"line":211,"column":3}}}},"branchMap":{"0":{"loc":{"start":{"line":13,"column":6},"end":{"line":17,"column":7}},"type":"if","locations":[{"start":{"line":13,"column":6},"end":{"line":17,"column":7}}]},"1":{"loc":{"start":{"line":68,"column":6},"end":{"line":72,"column":7}},"type":"if","locations":[{"start":{"line":68,"column":6},"end":{"line":72,"column":7}}]},"2":{"loc":{"start":{"line":78,"column":6},"end":{"line":82,"column":7}},"type":"if","locations":[{"start":{"line":78,"column":6},"end":{"line":82,"column":7}}]},"3":{"loc":{"start":{"line":142,"column":6},"end":{"line":146,"column":7}},"type":"if","locations":[{"start":{"line":142,"column":6},"end":{"line":146,"column":7}}]},"4":{"loc":{"start":{"line":175,"column":6},"end":{"line":179,"column":7}},"type":"if","locations":[{"start":{"line":175,"column":6},"end":{"line":179,"column":7}}]},"5":{"loc":{"start":{"line":199,"column":6},"end":{"line":204,"column":7}},"type":"if","locations":[{"start":{"line":199,"column":6},"end":{"line":204,"column":7}}]}},"s":{"0":1,"1":1,"2":1,"3":1,"4":1,"5":1,"6":2,"7":2,"8":2,"9":2,"10":1,"11":1,"12":1,"13":1,"14":1,"15":1,"16":1,"17":1,"18":1,"19":0,"20":1,"21":2,"22":2,"23":2,"24":2,"25":2,"26":1,"27":1,"28":1,"29":3,"30":3,"31":3,"32":3,"33":1,"34":1,"35":1,"36":2,"37":2,"38":1,"39":1,"40":1,"41":1,"42":1,"43":0,"44":0,"45":1,"46":2,"47":2,"48":2,"49":2,"50":2,"51":1,"52":1,"53":1,"54":1,"55":1,"56":2,"57":2,"58":1,"59":1,"60":3,"61":3,"62":3,"63":3,"64":3,"65":1,"66":1,"67":1,"68":2,"69":2,"70":2,"71":1,"72":1,"73":1,"74":1,"75":1,"76":1,"77":3,"78":3,"79":3,"80":3,"81":2,"82":2,"83":1,"84":1,"85":1,"86":1,"87":1,"88":1,"89":1,"90":1,"91":3,"92":3,"93":3,"94":3,"95":2,"96":2,"97":1,"98":1,"99":1,"100":1,"101":1,"102":1},"f":{"0":2,"1":2,"2":3,"3":2,"4":2,"5":3,"6":1,"7":3,"8":3},"b":{"0":[1],"1":[1],"2":[1],"3":[1],"4":[1],"5":[1]}}
,"/Users/israelcastanedaluna/Desktop/react-typescript/cashTrackr/backend/src/controllers/BudgetController.ts": {"path":"/Users/israelcastanedaluna/Desktop/react-typescript/cashTrackr/backend/src/controllers/BudgetController.ts","statementMap":{"0":{"start":{"line":2,"column":0},"end":{"line":2,"column":38}},"1":{"start":{"line":3,"column":0},"end":{"line":3,"column":40}},"2":{"start":{"line":8,"column":20},"end":{"line":26,"column":5}},"3":{"start":{"line":9,"column":8},"end":{"line":25,"column":9}},"4":{"start":{"line":11,"column":28},"end":{"line":20,"column":14}},"5":{"start":{"line":21,"column":12},"end":{"line":21,"column":null}},"6":{"start":{"line":23,"column":12},"end":{"line":23,"column":31}},"7":{"start":{"line":24,"column":11},"end":{"line":24,"column":null}},"8":{"start":{"line":28,"column":26},"end":{"line":40,"column":5}},"9":{"start":{"line":29,"column":7},"end":{"line":38,"column":8}},"10":{"start":{"line":30,"column":28},"end":{"line":30,"column":57}},"11":{"start":{"line":31,"column":12},"end":{"line":31,"column":null}},"12":{"start":{"line":32,"column":12},"end":{"line":32,"column":null}},"13":{"start":{"line":33,"column":12},"end":{"line":33,"column":null}},"14":{"start":{"line":37,"column":10},"end":{"line":37,"column":null}},"15":{"start":{"line":42,"column":27},"end":{"line":50,"column":5}},"16":{"start":{"line":45,"column":19},"end":{"line":47,"column":6}},"17":{"start":{"line":49,"column":8},"end":{"line":49,"column":null}},"18":{"start":{"line":52,"column":28},"end":{"line":57,"column":5}},"19":{"start":{"line":54,"column":25},"end":{"line":54,"column":28}},"20":{"start":{"line":55,"column":8},"end":{"line":55,"column":null}},"21":{"start":{"line":56,"column":8},"end":{"line":56,"column":null}},"22":{"start":{"line":59,"column":30},"end":{"line":64,"column":5}},"23":{"start":{"line":61,"column":25},"end":{"line":61,"column":28}},"24":{"start":{"line":62,"column":8},"end":{"line":62,"column":null}},"25":{"start":{"line":63,"column":8},"end":{"line":63,"column":null}},"26":{"start":{"line":6,"column":0},"end":{"line":6,"column":13}}},"fnMap":{"0":{"name":"(anonymous_1)","decl":{"start":{"line":8,"column":20},"end":{"line":8,"column":25}},"loc":{"start":{"line":8,"column":54},"end":{"line":26,"column":5}}},"1":{"name":"(anonymous_2)","decl":{"start":{"line":28,"column":26},"end":{"line":28,"column":31}},"loc":{"start":{"line":28,"column":60},"end":{"line":40,"column":5}}},"2":{"name":"(anonymous_3)","decl":{"start":{"line":42,"column":27},"end":{"line":42,"column":32}},"loc":{"start":{"line":42,"column":61},"end":{"line":50,"column":5}}},"3":{"name":"(anonymous_4)","decl":{"start":{"line":52,"column":28},"end":{"line":52,"column":33}},"loc":{"start":{"line":52,"column":62},"end":{"line":57,"column":5}}},"4":{"name":"(anonymous_5)","decl":{"start":{"line":59,"column":30},"end":{"line":59,"column":35}},"loc":{"start":{"line":59,"column":64},"end":{"line":64,"column":5}}}},"branchMap":{},"s":{"0":1,"1":1,"2":1,"3":4,"4":4,"5":3,"6":1,"7":1,"8":1,"9":2,"10":2,"11":1,"12":1,"13":1,"14":1,"15":1,"16":3,"17":3,"18":1,"19":1,"20":1,"21":1,"22":1,"23":1,"24":1,"25":1,"26":1},"f":{"0":4,"1":2,"2":3,"3":1,"4":1},"b":{}}
,"/Users/israelcastanedaluna/Desktop/react-typescript/cashTrackr/backend/src/controllers/ExpenseController.ts": {"path":"/Users/israelcastanedaluna/Desktop/react-typescript/cashTrackr/backend/src/controllers/ExpenseController.ts","statementMap":{"0":{"start":{"line":2,"column":0},"end":{"line":2,"column":40}},"1":{"start":{"line":8,"column":17},"end":{"line":19,"column":3}},"2":{"start":{"line":10,"column":4},"end":{"line":18,"column":5}},"3":{"start":{"line":11,"column":22},"end":{"line":11,"column":52}},"4":{"start":{"line":12,"column":6},"end":{"line":12,"column":39}},"5":{"start":{"line":13,"column":6},"end":{"line":13,"column":27}},"6":{"start":{"line":14,"column":6},"end":{"line":14,"column":56}},"7":{"start":{"line":17,"column":6},"end":{"line":17,"column":59}},"8":{"start":{"line":21,"column":26},"end":{"line":25,"column":3}},"9":{"start":{"line":23,"column":6},"end":{"line":23,"column":28}},"10":{"start":{"line":26,"column":27},"end":{"line":35,"column":3}},"11":{"start":{"line":27,"column":24},"end":{"line":27,"column":27}},"12":{"start":{"line":28,"column":4},"end":{"line":34,"column":5}},"13":{"start":{"line":29,"column":6},"end":{"line":29,"column":37}},"14":{"start":{"line":30,"column":6},"end":{"line":30,"column":47}},"15":{"start":{"line":32,"column":6},"end":{"line":32,"column":25}},"16":{"start":{"line":33,"column":6},"end":{"line":33,"column":59}},"17":{"start":{"line":36,"column":29},"end":{"line":46,"column":3}},"18":{"start":{"line":37,"column":24},"end":{"line":37,"column":27}},"19":{"start":{"line":38,"column":4},"end":{"line":45,"column":5}},"20":{"start":{"line":39,"column":6},"end":{"line":39,"column":30}},"21":{"start":{"line":41,"column":6},"end":{"line":41,"column":48}},"22":{"start":{"line":44,"column":6},"end":{"line":44,"column":59}},"23":{"start":{"line":6,"column":0},"end":{"line":6,"column":13}}},"fnMap":{"0":{"name":"(anonymous_1)","decl":{"start":{"line":8,"column":17},"end":{"line":8,"column":22}},"loc":{"start":{"line":8,"column":55},"end":{"line":19,"column":3}}},"1":{"name":"(anonymous_2)","decl":{"start":{"line":21,"column":26},"end":{"line":21,"column":31}},"loc":{"start":{"line":21,"column":64},"end":{"line":25,"column":3}}},"2":{"name":"(anonymous_3)","decl":{"start":{"line":26,"column":27},"end":{"line":26,"column":32}},"loc":{"start":{"line":26,"column":65},"end":{"line":35,"column":3}}},"3":{"name":"(anonymous_4)","decl":{"start":{"line":36,"column":29},"end":{"line":36,"column":34}},"loc":{"start":{"line":36,"column":67},"end":{"line":46,"column":3}}}},"branchMap":{},"s":{"0":1,"1":1,"2":2,"3":2,"4":1,"5":1,"6":1,"7":1,"8":1,"9":1,"10":1,"11":2,"12":2,"13":2,"14":1,"15":1,"16":1,"17":1,"18":2,"19":2,"20":2,"21":1,"22":1,"23":1},"f":{"0":2,"1":1,"2":2,"3":2},"b":{}}
,"/Users/israelcastanedaluna/Desktop/react-typescript/cashTrackr/backend/src/emails/AuthEmail.ts": {"path":"/Users/israelcastanedaluna/Desktop/react-typescript/cashTrackr/backend/src/emails/AuthEmail.ts","statementMap":{"0":{"start":{"line":1,"column":0},"end":{"line":1,"column":54}},"1":{"start":{"line":9,"column":33},"end":{"line":26,"column":5}},"2":{"start":{"line":10,"column":22},"end":{"line":20,"column":10}},"3":{"start":{"line":22,"column":8},"end":{"line":22,"column":50}},"4":{"start":{"line":28,"column":34},"end":{"line":45,"column":5}},"5":{"start":{"line":29,"column":22},"end":{"line":39,"column":10}},"6":{"start":{"line":41,"column":8},"end":{"line":41,"column":50}},"7":{"start":{"line":8,"column":0},"end":{"line":8,"column":13}}},"fnMap":{"0":{"name":"(anonymous_0)","decl":{"start":{"line":9,"column":33},"end":{"line":9,"column":38}},"loc":{"start":{"line":9,"column":58},"end":{"line":26,"column":5}}},"1":{"name":"(anonymous_1)","decl":{"start":{"line":28,"column":34},"end":{"line":28,"column":39}},"loc":{"start":{"line":28,"column":59},"end":{"line":45,"column":5}}}},"branchMap":{},"s":{"0":1,"1":1,"2":0,"3":0,"4":1,"5":0,"6":0,"7":1},"f":{"0":0,"1":0},"b":{}}
,"/Users/israelcastanedaluna/Desktop/react-typescript/cashTrackr/backend/src/helper/auth.ts": {"path":"/Users/israelcastanedaluna/Desktop/react-typescript/cashTrackr/backend/src/helper/auth.ts","statementMap":{"0":{"start":{"line":1,"column":0},"end":{"line":1,"column":27}},"1":{"start":{"line":3,"column":28},"end":{"line":9,"column":1}},"2":{"start":{"line":5,"column":17},"end":{"line":5,"column":41}},"3":{"start":{"line":7,"column":4},"end":{"line":7,"column":null}},"4":{"start":{"line":3,"column":13},"end":{"line":3,"column":28}},"5":{"start":{"line":11,"column":29},"end":{"line":15,"column":1}},"6":{"start":{"line":12,"column":3},"end":{"line":12,"column":null}},"7":{"start":{"line":11,"column":13},"end":{"line":11,"column":29}}},"fnMap":{"0":{"name":"(anonymous_1)","decl":{"start":{"line":3,"column":28},"end":{"line":3,"column":33}},"loc":{"start":{"line":3,"column":52},"end":{"line":9,"column":1}}},"1":{"name":"(anonymous_2)","decl":{"start":{"line":11,"column":29},"end":{"line":11,"column":34}},"loc":{"start":{"line":11,"column":67},"end":{"line":15,"column":1}}}},"branchMap":{},"s":{"0":1,"1":1,"2":0,"3":0,"4":1,"5":1,"6":0,"7":1},"f":{"0":0,"1":0},"b":{}}
,"/Users/israelcastanedaluna/Desktop/react-typescript/cashTrackr/backend/src/helper/jtw.ts": {"path":"/Users/israelcastanedaluna/Desktop/react-typescript/cashTrackr/backend/src/helper/jtw.ts","statementMap":{"0":{"start":{"line":1,"column":0},"end":{"line":1,"column":30}},"1":{"start":{"line":2,"column":27},"end":{"line":8,"column":1}},"2":{"start":{"line":3,"column":18},"end":{"line":5,"column":6}},"3":{"start":{"line":7,"column":4},"end":{"line":7,"column":null}},"4":{"start":{"line":2,"column":13},"end":{"line":2,"column":27}}},"fnMap":{"0":{"name":"(anonymous_1)","decl":{"start":{"line":2,"column":27},"end":{"line":2,"column":28}},"loc":{"start":{"line":2,"column":40},"end":{"line":8,"column":1}}}},"branchMap":{},"s":{"0":1,"1":1,"2":0,"3":0,"4":1},"f":{"0":0},"b":{}}
,"/Users/israelcastanedaluna/Desktop/react-typescript/cashTrackr/backend/src/helper/token.ts": {"path":"/Users/israelcastanedaluna/Desktop/react-typescript/cashTrackr/backend/src/helper/token.ts","statementMap":{"0":{"start":{"line":1,"column":29},"end":{"line":1,"column":87}},"1":{"start":{"line":1,"column":35},"end":{"line":1,"column":87}},"2":{"start":{"line":1,"column":13},"end":{"line":1,"column":29}}},"fnMap":{"0":{"name":"(anonymous_0)","decl":{"start":{"line":1,"column":29},"end":{"line":1,"column":32}},"loc":{"start":{"line":1,"column":35},"end":{"line":1,"column":87}}}},"branchMap":{},"s":{"0":1,"1":0,"2":1},"f":{"0":0},"b":{}}
,"/Users/israelcastanedaluna/Desktop/react-typescript/cashTrackr/backend/src/middleware/auth.ts": {"path":"/Users/israelcastanedaluna/Desktop/react-typescript/cashTrackr/backend/src/middleware/auth.ts","statementMap":{"0":{"start":{"line":2,"column":0},"end":{"line":2,"column":30}},"1":{"start":{"line":4,"column":0},"end":{"line":4,"column":46}},"2":{"start":{"line":5,"column":0},"end":{"line":5,"column":33}},"3":{"start":{"line":14,"column":29},"end":{"line":23,"column":1}},"4":{"start":{"line":16,"column":4},"end":{"line":19,"column":null}},"5":{"start":{"line":21,"column":4},"end":{"line":21,"column":null}},"6":{"start":{"line":14,"column":13},"end":{"line":14,"column":29}},"7":{"start":{"line":25,"column":33},"end":{"line":43,"column":1}},"8":{"start":{"line":27,"column":22},"end":{"line":27,"column":30}},"9":{"start":{"line":28,"column":4},"end":{"line":42,"column":5}},"10":{"start":{"line":29,"column":33},"end":{"line":31,"column":8}},"11":{"start":{"line":32,"column":6},"end":{"line":36,"column":7}},"12":{"start":{"line":33,"column":22},"end":{"line":33,"column":59}},"13":{"start":{"line":34,"column":8},"end":{"line":34,"column":55}},"14":{"start":{"line":35,"column":8},"end":{"line":35,"column":15}},"15":{"start":{"line":37,"column":6},"end":{"line":37,"column":null}},"16":{"start":{"line":38,"column":6},"end":{"line":38,"column":null}},"17":{"start":{"line":41,"column":6},"end":{"line":41,"column":56}},"18":{"start":{"line":25,"column":13},"end":{"line":25,"column":33}},"19":{"start":{"line":45,"column":33},"end":{"line":64,"column":1}},"20":{"start":{"line":46,"column":20},"end":{"line":46,"column":28}},"21":{"start":{"line":48,"column":2},"end":{"line":63,"column":3}},"22":{"start":{"line":49,"column":22},"end":{"line":49,"column":69}},"23":{"start":{"line":50,"column":4},"end":{"line":50,"column":27}},"24":{"start":{"line":52,"column":6},"end":{"line":56,"column":7}},"25":{"start":{"line":53,"column":22},"end":{"line":53,"column":54}},"26":{"start":{"line":54,"column":8},"end":{"line":54,"column":55}},"27":{"start":{"line":55,"column":8},"end":{"line":55,"column":15}},"28":{"start":{"line":57,"column":6},"end":{"line":57,"column":null}},"29":{"start":{"line":58,"column":6},"end":{"line":58,"column":null}},"30":{"start":{"line":62,"column":4},"end":{"line":62,"column":54}},"31":{"start":{"line":45,"column":13},"end":{"line":45,"column":33}},"32":{"start":{"line":66,"column":26},"end":{"line":95,"column":1}},"33":{"start":{"line":68,"column":17},"end":{"line":68,"column":42}},"34":{"start":{"line":69,"column":2},"end":{"line":73,"column":3}},"35":{"start":{"line":70,"column":18},"end":{"line":70,"column":43}},"36":{"start":{"line":71,"column":4},"end":{"line":71,"column":51}},"37":{"start":{"line":72,"column":4},"end":{"line":72,"column":11}},"38":{"start":{"line":75,"column":25},"end":{"line":75,"column":42}},"39":{"start":{"line":76,"column":2},"end":{"line":80,"column":3}},"40":{"start":{"line":77,"column":18},"end":{"line":77,"column":46}},"41":{"start":{"line":78,"column":4},"end":{"line":78,"column":51}},"42":{"start":{"line":79,"column":4},"end":{"line":79,"column":11}},"43":{"start":{"line":81,"column":2},"end":{"line":94,"column":3}},"44":{"start":{"line":82,"column":19},"end":{"line":82,"column":60}},"45":{"start":{"line":83,"column":4},"end":{"line":90,"column":5}},"46":{"start":{"line":85,"column":19},"end":{"line":87,"column":8}},"47":{"start":{"line":88,"column":6},"end":{"line":88,"column":27}},"48":{"start":{"line":89,"column":6},"end":{"line":89,"column":13}},"49":{"start":{"line":93,"column":4},"end":{"line":93,"column":55}},"50":{"start":{"line":66,"column":13},"end":{"line":66,"column":26}}},"fnMap":{"0":{"name":"(anonymous_1)","decl":{"start":{"line":14,"column":29},"end":{"line":14,"column":34}},"loc":{"start":{"line":14,"column":85},"end":{"line":23,"column":1}}},"1":{"name":"(anonymous_2)","decl":{"start":{"line":25,"column":33},"end":{"line":25,"column":38}},"loc":{"start":{"line":25,"column":89},"end":{"line":43,"column":1}}},"2":{"name":"(anonymous_3)","decl":{"start":{"line":45,"column":33},"end":{"line":45,"column":38}},"loc":{"start":{"line":45,"column":89},"end":{"line":64,"column":1}}},"3":{"name":"(anonymous_4)","decl":{"start":{"line":66,"column":26},"end":{"line":66,"column":31}},"loc":{"start":{"line":66,"column":82},"end":{"line":95,"column":1}}}},"branchMap":{"0":{"loc":{"start":{"line":32,"column":6},"end":{"line":36,"column":7}},"type":"if","locations":[{"start":{"line":32,"column":6},"end":{"line":36,"column":7}}]},"1":{"loc":{"start":{"line":52,"column":6},"end":{"line":56,"column":7}},"type":"if","locations":[{"start":{"line":52,"column":6},"end":{"line":56,"column":7}}]},"2":{"loc":{"start":{"line":69,"column":2},"end":{"line":73,"column":3}},"type":"if","locations":[{"start":{"line":69,"column":2},"end":{"line":73,"column":3}}]},"3":{"loc":{"start":{"line":76,"column":2},"end":{"line":80,"column":3}},"type":"if","locations":[{"start":{"line":76,"column":2},"end":{"line":80,"column":3}}]},"4":{"loc":{"start":{"line":83,"column":4},"end":{"line":90,"column":5}},"type":"if","locations":[{"start":{"line":83,"column":4},"end":{"line":90,"column":5}}]},"5":{"loc":{"start":{"line":83,"column":8},"end":{"line":83,"column":47}},"type":"binary-expr","locations":[{"start":{"line":83,"column":8},"end":{"line":83,"column":34}},{"start":{"line":83,"column":38},"end":{"line":83,"column":47}}]}},"s":{"0":1,"1":1,"2":1,"3":1,"4":0,"5":0,"6":1,"7":1,"8":3,"9":3,"10":3,"11":2,"12":1,"13":1,"14":1,"15":1,"16":1,"17":1,"18":1,"19":1,"20":3,"21":3,"22":3,"23":2,"24":2,"25":1,"26":1,"27":1,"28":1,"29":1,"30":1,"31":1,"32":1,"33":0,"34":0,"35":0,"36":0,"37":0,"38":0,"39":0,"40":0,"41":0,"42":0,"43":0,"44":0,"45":0,"46":0,"47":0,"48":0,"49":0,"50":1},"f":{"0":0,"1":3,"2":3,"3":0},"b":{"0":[1],"1":[1],"2":[0],"3":[0],"4":[0],"5":[0,0]}}
,"/Users/israelcastanedaluna/Desktop/react-typescript/cashTrackr/backend/src/middleware/budget.ts": {"path":"/Users/israelcastanedaluna/Desktop/react-typescript/cashTrackr/backend/src/middleware/budget.ts","statementMap":{"0":{"start":{"line":78,"column":0},"end":{"line":78,"column":16}},"1":{"start":{"line":2,"column":0},"end":{"line":2,"column":63}},"2":{"start":{"line":3,"column":0},"end":{"line":3,"column":38}},"3":{"start":{"line":15,"column":32},"end":{"line":31,"column":1}},"4":{"start":{"line":17,"column":1},"end":{"line":23,"column":50}},"5":{"start":{"line":22,"column":22},"end":{"line":22,"column":31}},"6":{"start":{"line":25,"column":17},"end":{"line":25,"column":38}},"7":{"start":{"line":26,"column":4},"end":{"line":29,"column":5}},"8":{"start":{"line":27,"column":9},"end":{"line":27,"column":null}},"9":{"start":{"line":28,"column":9},"end":{"line":28,"column":15}},"10":{"start":{"line":30,"column":4},"end":{"line":30,"column":null}},"11":{"start":{"line":15,"column":13},"end":{"line":15,"column":32}},"12":{"start":{"line":33,"column":35},"end":{"line":53,"column":8}},"13":{"start":{"line":35,"column":23},"end":{"line":35,"column":33}},"14":{"start":{"line":37,"column":4},"end":{"line":51,"column":8}},"15":{"start":{"line":38,"column":23},"end":{"line":38,"column":54}},"16":{"start":{"line":39,"column":8},"end":{"line":43,"column":9}},"17":{"start":{"line":40,"column":26},"end":{"line":40,"column":62}},"18":{"start":{"line":41,"column":12},"end":{"line":41,"column":null}},"19":{"start":{"line":42,"column":12},"end":{"line":42,"column":18}},"20":{"start":{"line":46,"column":8},"end":{"line":46,"column":null}},"21":{"start":{"line":47,"column":8},"end":{"line":47,"column":null}},"22":{"start":{"line":50,"column":10},"end":{"line":50,"column":null}},"23":{"start":{"line":33,"column":13},"end":{"line":33,"column":35}},"24":{"start":{"line":55,"column":34},"end":{"line":75,"column":1}},"25":{"start":{"line":57,"column":4},"end":{"line":57,"column":null}},"26":{"start":{"line":59,"column":4},"end":{"line":66,"column":16}},"27":{"start":{"line":64,"column":25},"end":{"line":64,"column":34}},"28":{"start":{"line":74,"column":4},"end":{"line":74,"column":null}},"29":{"start":{"line":55,"column":13},"end":{"line":55,"column":34}},"30":{"start":{"line":79,"column":4},"end":{"line":83,"column":5}},"31":{"start":{"line":80,"column":22},"end":{"line":80,"column":49}},"32":{"start":{"line":81,"column":8},"end":{"line":81,"column":null}},"33":{"start":{"line":82,"column":8},"end":{"line":82,"column":14}},"34":{"start":{"line":84,"column":4},"end":{"line":84,"column":null}}},"fnMap":{"0":{"name":"(anonymous_1)","decl":{"start":{"line":15,"column":32},"end":{"line":15,"column":37}},"loc":{"start":{"line":15,"column":88},"end":{"line":31,"column":1}}},"1":{"name":"(anonymous_2)","decl":{"start":{"line":22,"column":11},"end":{"line":22,"column":12}},"loc":{"start":{"line":22,"column":22},"end":{"line":22,"column":31}}},"2":{"name":"(anonymous_3)","decl":{"start":{"line":33,"column":35},"end":{"line":33,"column":40}},"loc":{"start":{"line":33,"column":91},"end":{"line":53,"column":8}}},"3":{"name":"(anonymous_4)","decl":{"start":{"line":55,"column":34},"end":{"line":55,"column":39}},"loc":{"start":{"line":55,"column":90},"end":{"line":75,"column":1}}},"4":{"name":"(anonymous_5)","decl":{"start":{"line":64,"column":14},"end":{"line":64,"column":15}},"loc":{"start":{"line":64,"column":25},"end":{"line":64,"column":34}}},"5":{"name":"HasAcces","decl":{"start":{"line":78,"column":16},"end":{"line":78,"column":24}},"loc":{"start":{"line":78,"column":72},"end":{"line":85,"column":1}}}},"branchMap":{"0":{"loc":{"start":{"line":26,"column":4},"end":{"line":29,"column":5}},"type":"if","locations":[{"start":{"line":26,"column":4},"end":{"line":29,"column":5}}]},"1":{"loc":{"start":{"line":39,"column":8},"end":{"line":43,"column":9}},"type":"if","locations":[{"start":{"line":39,"column":8},"end":{"line":43,"column":9}}]},"2":{"loc":{"start":{"line":79,"column":4},"end":{"line":83,"column":5}},"type":"if","locations":[{"start":{"line":79,"column":4},"end":{"line":83,"column":5}}]}},"s":{"0":2,"1":2,"2":2,"3":2,"4":0,"5":0,"6":0,"7":0,"8":0,"9":0,"10":0,"11":2,"12":2,"13":3,"14":3,"15":3,"16":2,"17":1,"18":1,"19":1,"20":1,"21":1,"22":1,"23":2,"24":2,"25":0,"26":0,"27":0,"28":0,"29":2,"30":3,"31":2,"32":2,"33":2,"34":1},"f":{"0":0,"1":0,"2":3,"3":0,"4":0,"5":3},"b":{"0":[0],"1":[1],"2":[2]}}
,"/Users/israelcastanedaluna/Desktop/react-typescript/cashTrackr/backend/src/middleware/expense.ts": {"path":"/Users/israelcastanedaluna/Desktop/react-typescript/cashTrackr/backend/src/middleware/expense.ts","statementMap":{"0":{"start":{"line":2,"column":0},"end":{"line":2,"column":64}},"1":{"start":{"line":3,"column":0},"end":{"line":3,"column":40}},"2":{"start":{"line":14,"column":35},"end":{"line":35,"column":1}},"3":{"start":{"line":16,"column":4},"end":{"line":16,"column":null}},"4":{"start":{"line":18,"column":4},"end":{"line":25,"column":16}},"5":{"start":{"line":23,"column":25},"end":{"line":23,"column":34}},"6":{"start":{"line":34,"column":4},"end":{"line":34,"column":null}},"7":{"start":{"line":14,"column":13},"end":{"line":14,"column":35}},"8":{"start":{"line":37,"column":31},"end":{"line":56,"column":1}},"9":{"start":{"line":39,"column":2},"end":{"line":55,"column":3}},"10":{"start":{"line":40,"column":4},"end":{"line":44,"column":16}},"11":{"start":{"line":42,"column":25},"end":{"line":42,"column":34}},"12":{"start":{"line":46,"column":17},"end":{"line":46,"column":38}},"13":{"start":{"line":47,"column":4},"end":{"line":50,"column":5}},"14":{"start":{"line":48,"column":6},"end":{"line":48,"column":55}},"15":{"start":{"line":49,"column":6},"end":{"line":49,"column":13}},"16":{"start":{"line":52,"column":4},"end":{"line":52,"column":11}},"17":{"start":{"line":54,"column":4},"end":{"line":54,"column":54}},"18":{"start":{"line":37,"column":13},"end":{"line":37,"column":31}},"19":{"start":{"line":58,"column":36},"end":{"line":78,"column":6}},"20":{"start":{"line":60,"column":22},"end":{"line":60,"column":32}},"21":{"start":{"line":62,"column":2},"end":{"line":76,"column":6}},"22":{"start":{"line":63,"column":22},"end":{"line":63,"column":55}},"23":{"start":{"line":64,"column":6},"end":{"line":68,"column":7}},"24":{"start":{"line":65,"column":24},"end":{"line":65,"column":61}},"25":{"start":{"line":66,"column":10},"end":{"line":66,"column":null}},"26":{"start":{"line":67,"column":10},"end":{"line":67,"column":16}},"27":{"start":{"line":71,"column":6},"end":{"line":71,"column":null}},"28":{"start":{"line":72,"column":6},"end":{"line":72,"column":null}},"29":{"start":{"line":75,"column":8},"end":{"line":75,"column":null}},"30":{"start":{"line":58,"column":13},"end":{"line":58,"column":36}}},"fnMap":{"0":{"name":"(anonymous_1)","decl":{"start":{"line":14,"column":35},"end":{"line":14,"column":40}},"loc":{"start":{"line":14,"column":91},"end":{"line":35,"column":1}}},"1":{"name":"(anonymous_2)","decl":{"start":{"line":23,"column":14},"end":{"line":23,"column":15}},"loc":{"start":{"line":23,"column":25},"end":{"line":23,"column":34}}},"2":{"name":"(anonymous_3)","decl":{"start":{"line":37,"column":31},"end":{"line":37,"column":36}},"loc":{"start":{"line":37,"column":87},"end":{"line":56,"column":1}}},"3":{"name":"(anonymous_4)","decl":{"start":{"line":42,"column":14},"end":{"line":42,"column":15}},"loc":{"start":{"line":42,"column":25},"end":{"line":42,"column":34}}},"4":{"name":"(anonymous_5)","decl":{"start":{"line":58,"column":36},"end":{"line":58,"column":41}},"loc":{"start":{"line":58,"column":92},"end":{"line":78,"column":6}}}},"branchMap":{"0":{"loc":{"start":{"line":47,"column":4},"end":{"line":50,"column":5}},"type":"if","locations":[{"start":{"line":47,"column":4},"end":{"line":50,"column":5}}]},"1":{"loc":{"start":{"line":64,"column":6},"end":{"line":68,"column":7}},"type":"if","locations":[{"start":{"line":64,"column":6},"end":{"line":68,"column":7}}]}},"s":{"0":1,"1":1,"2":1,"3":0,"4":0,"5":0,"6":0,"7":1,"8":1,"9":0,"10":0,"11":0,"12":0,"13":0,"14":0,"15":0,"16":0,"17":0,"18":1,"19":1,"20":3,"21":3,"22":3,"23":2,"24":1,"25":1,"26":1,"27":1,"28":1,"29":1,"30":1},"f":{"0":0,"1":0,"2":0,"3":0,"4":3},"b":{"0":[0],"1":[1]}}
,"/Users/israelcastanedaluna/Desktop/react-typescript/cashTrackr/backend/src/models/Budget.ts": {"path":"/Users/israelcastanedaluna/Desktop/react-typescript/cashTrackr/backend/src/models/Budget.ts","statementMap":{"0":{"start":{"line":1,"column":0},"end":{"line":1,"column":105}},"1":{"start":{"line":2,"column":0},"end":{"line":2,"column":32}},"2":{"start":{"line":3,"column":0},"end":{"line":3,"column":26}},"3":{"start":{"line":9,"column":0},"end":{"line":35,"column":null}},"4":{"start":{"line":15,"column":12},"end":{"line":15,"column":null}},"5":{"start":{"line":20,"column":12},"end":{"line":20,"column":null}},"6":{"start":{"line":27,"column":12},"end":{"line":27,"column":null}},"7":{"start":{"line":23,"column":19},"end":{"line":23,"column":26}},"8":{"start":{"line":30,"column":12},"end":{"line":30,"column":null}},"9":{"start":{"line":29,"column":21},"end":{"line":29,"column":25}},"10":{"start":{"line":33,"column":12},"end":{"line":33,"column":null}},"11":{"start":{"line":32,"column":20},"end":{"line":32,"column":24}},"12":{"start":{"line":9,"column":6},"end":{"line":35,"column":null}},"13":{"start":{"line":37,"column":0},"end":{"line":37,"column":null}}},"fnMap":{"0":{"name":"(anonymous_3)","decl":{"start":{"line":23,"column":13},"end":{"line":23,"column":16}},"loc":{"start":{"line":23,"column":19},"end":{"line":23,"column":26}}},"1":{"name":"(anonymous_4)","decl":{"start":{"line":29,"column":16},"end":{"line":29,"column":18}},"loc":{"start":{"line":29,"column":21},"end":{"line":29,"column":25}}},"2":{"name":"(anonymous_5)","decl":{"start":{"line":32,"column":15},"end":{"line":32,"column":17}},"loc":{"start":{"line":32,"column":20},"end":{"line":32,"column":24}}}},"branchMap":{},"s":{"0":3,"1":3,"2":3,"3":3,"4":3,"5":3,"6":3,"7":0,"8":3,"9":0,"10":3,"11":0,"12":3,"13":3},"f":{"0":0,"1":0,"2":0},"b":{}}
,"/Users/israelcastanedaluna/Desktop/react-typescript/cashTrackr/backend/src/models/Expense.ts": {"path":"/Users/israelcastanedaluna/Desktop/react-typescript/cashTrackr/backend/src/models/Expense.ts","statementMap":{"0":{"start":{"line":1,"column":0},"end":{"line":1,"column":95}},"1":{"start":{"line":2,"column":0},"end":{"line":2,"column":29}},"2":{"start":{"line":8,"column":0},"end":{"line":27,"column":null}},"3":{"start":{"line":13,"column":12},"end":{"line":13,"column":null}},"4":{"start":{"line":19,"column":12},"end":{"line":19,"column":null}},"5":{"start":{"line":22,"column":12},"end":{"line":22,"column":null}},"6":{"start":{"line":21,"column":22},"end":{"line":21,"column":28}},"7":{"start":{"line":26,"column":12},"end":{"line":26,"column":null}},"8":{"start":{"line":25,"column":20},"end":{"line":25,"column":26}},"9":{"start":{"line":8,"column":6},"end":{"line":27,"column":null}},"10":{"start":{"line":29,"column":0},"end":{"line":29,"column":null}}},"fnMap":{"0":{"name":"(anonymous_3)","decl":{"start":{"line":21,"column":16},"end":{"line":21,"column":19}},"loc":{"start":{"line":21,"column":22},"end":{"line":21,"column":28}}},"1":{"name":"(anonymous_4)","decl":{"start":{"line":25,"column":15},"end":{"line":25,"column":17}},"loc":{"start":{"line":25,"column":20},"end":{"line":25,"column":26}}}},"branchMap":{},"s":{"0":3,"1":3,"2":3,"3":3,"4":3,"5":3,"6":0,"7":3,"8":0,"9":3,"10":3},"f":{"0":0,"1":0},"b":{}}
,"/Users/israelcastanedaluna/Desktop/react-typescript/cashTrackr/backend/src/models/User.ts": {"path":"/Users/israelcastanedaluna/Desktop/react-typescript/cashTrackr/backend/src/models/User.ts","statementMap":{"0":{"start":{"line":1,"column":0},"end":{"line":1,"column":100}},"1":{"start":{"line":2,"column":0},"end":{"line":2,"column":30}},"2":{"start":{"line":8,"column":0},"end":{"line":50,"column":null}},"3":{"start":{"line":15,"column":12},"end":{"line":15,"column":null}},"4":{"start":{"line":22,"column":12},"end":{"line":22,"column":null}},"5":{"start":{"line":30,"column":12},"end":{"line":30,"column":null}},"6":{"start":{"line":36,"column":12},"end":{"line":36,"column":null}},"7":{"start":{"line":43,"column":12},"end":{"line":43,"column":null}},"8":{"start":{"line":49,"column":12},"end":{"line":49,"column":null}},"9":{"start":{"line":45,"column":18},"end":{"line":45,"column":24}},"10":{"start":{"line":8,"column":6},"end":{"line":50,"column":null}},"11":{"start":{"line":52,"column":0},"end":{"line":52,"column":null}}},"fnMap":{"0":{"name":"(anonymous_3)","decl":{"start":{"line":45,"column":13},"end":{"line":45,"column":15}},"loc":{"start":{"line":45,"column":18},"end":{"line":45,"column":24}}}},"branchMap":{},"s":{"0":3,"1":3,"2":3,"3":3,"4":3,"5":3,"6":3,"7":3,"8":3,"9":0,"10":3,"11":3},"f":{"0":0},"b":{}}
,"/Users/israelcastanedaluna/Desktop/react-typescript/cashTrackr/backend/src/tests/mocs/budget.ts": {"path":"/Users/israelcastanedaluna/Desktop/react-typescript/cashTrackr/backend/src/tests/mocs/budget.ts","statementMap":{"0":{"start":{"line":1,"column":13},"end":{"line":71,"column":2}}},"fnMap":{},"branchMap":{},"s":{"0":3},"f":{},"b":{}}
,"/Users/israelcastanedaluna/Desktop/react-typescript/cashTrackr/backend/src/tests/mocs/expenses.ts": {"path":"/Users/israelcastanedaluna/Desktop/react-typescript/cashTrackr/backend/src/tests/mocs/expenses.ts","statementMap":{"0":{"start":{"line":1,"column":13},"end":{"line":26,"column":null}}},"fnMap":{},"branchMap":{},"s":{"0":2},"f":{},"b":{}}
}
